build/app/intermediates/manifest_merge_blame_file/release/manifest-merger-blame-release-report.txt
1<?xml version="1.0" encoding="utf-8"?>
2<manifest xmlns:android="http://schemas.android.com/apk/res/android"
3    package="com.example.hash"
4    android:versionCode="1"
5    android:versionName="1.0.0" >
6
7    <uses-sdk
8        android:minSdkVersion="21"
9        android:targetSdkVersion="34" />
10
11    <!-- Benötigte Berechtigungen -->
12    <uses-permission android:name="android.permission.PACKAGE_USAGE_STATS" />
12-->src\main\AndroidManifest.xml:6:5-7:47
12-->src\main\AndroidManifest.xml:6:22-75
13    <uses-permission android:name="android.permission.INTERNET" />
13-->src\main\AndroidManifest.xml:8:5-67
13-->src\main\AndroidManifest.xml:8:22-64
14
15    <!-- Intent-Filter für Settings öffnen -->
16    <queries>
16-->src\main\AndroidManifest.xml:11:5-13:15
17        <package android:name="com.android.settings" />
17-->src\main\AndroidManifest.xml:12:9-56
17-->src\main\AndroidManifest.xml:12:18-53
18    </queries>
19
20    <permission
20-->[androidx.core:core:1.13.1] AndroidManifest.xml:22:5-24:47
21        android:name="com.example.hash.DYNAMIC_RECEIVER_NOT_EXPORTED_PERMISSION"
21-->[androidx.core:core:1.13.1] AndroidManifest.xml:23:9-81
22        android:protectionLevel="signature" />
22-->[androidx.core:core:1.13.1] AndroidManifest.xml:24:9-44
23
24    <uses-permission android:name="com.example.hash.DYNAMIC_RECEIVER_NOT_EXPORTED_PERMISSION" />
24-->[androidx.core:core:1.13.1] AndroidManifest.xml:26:5-97
24-->[androidx.core:core:1.13.1] AndroidManifest.xml:26:22-94
25
26    <application
27        android:name="android.app.Application"
27-->src\main\AndroidManifest.xml:16:9-42
28        android:appComponentFactory="androidx.core.app.CoreComponentFactory"
28-->[androidx.core:core:1.13.1] AndroidManifest.xml:28:18-86
29        android:extractNativeLibs="true"
30        android:icon="@mipmap/ic_launcher"
30-->src\main\AndroidManifest.xml:18:9-43
31        android:label="TrackMint" >
31-->src\main\AndroidManifest.xml:17:9-34
32        <activity
32-->src\main\AndroidManifest.xml:21:9-41:20
33            android:name="com.example.hash.MainActivity"
33-->src\main\AndroidManifest.xml:22:13-41
34            android:configChanges="orientation|keyboardHidden|keyboard|screenSize|smallestScreenSize|locale|layoutDirection|fontScale|screenLayout|density|uiMode"
34-->src\main\AndroidManifest.xml:29:13-163
35            android:exported="true"
35-->src\main\AndroidManifest.xml:23:13-36
36            android:hardwareAccelerated="true"
36-->src\main\AndroidManifest.xml:27:13-47
37            android:launchMode="singleTop"
37-->src\main\AndroidManifest.xml:24:13-43
38            android:taskAffinity=""
38-->src\main\AndroidManifest.xml:25:13-36
39            android:theme="@style/LaunchTheme"
39-->src\main\AndroidManifest.xml:26:13-47
40            android:windowSoftInputMode="adjustResize" >
40-->src\main\AndroidManifest.xml:28:13-55
41
42            <!-- Flutter Theme-Info -->
43            <meta-data
43-->src\main\AndroidManifest.xml:32:13-34:57
44                android:name="io.flutter.embedding.android.NormalTheme"
44-->src\main\AndroidManifest.xml:33:17-72
45                android:resource="@style/NormalTheme" />
45-->src\main\AndroidManifest.xml:34:17-54
46
47            <!-- Launcher-Filter -->
48            <intent-filter>
48-->src\main\AndroidManifest.xml:37:13-40:29
49                <action android:name="android.intent.action.MAIN" />
49-->src\main\AndroidManifest.xml:38:17-69
49-->src\main\AndroidManifest.xml:38:25-66
50
51                <category android:name="android.intent.category.LAUNCHER" />
51-->src\main\AndroidManifest.xml:39:17-77
51-->src\main\AndroidManifest.xml:39:27-74
52            </intent-filter>
53        </activity>
54
55        <!-- Flutter Version Info -->
56        <meta-data
56-->src\main\AndroidManifest.xml:44:9-46:33
57            android:name="flutterEmbedding"
57-->src\main\AndroidManifest.xml:45:13-44
58            android:value="2" />
58-->src\main\AndroidManifest.xml:46:13-30
59
60        <uses-library
60-->[androidx.window:window:1.2.0] AndroidManifest.xml:23:9-25:40
61            android:name="androidx.window.extensions"
61-->[androidx.window:window:1.2.0] AndroidManifest.xml:24:13-54
62            android:required="false" />
62-->[androidx.window:window:1.2.0] AndroidManifest.xml:25:13-37
63        <uses-library
63-->[androidx.window:window:1.2.0] AndroidManifest.xml:26:9-28:40
64            android:name="androidx.window.sidecar"
64-->[androidx.window:window:1.2.0] AndroidManifest.xml:27:13-51
65            android:required="false" />
65-->[androidx.window:window:1.2.0] AndroidManifest.xml:28:13-37
66
67        <provider
67-->[androidx.lifecycle:lifecycle-process:2.7.0] AndroidManifest.xml:24:9-32:20
68            android:name="androidx.startup.InitializationProvider"
68-->[androidx.lifecycle:lifecycle-process:2.7.0] AndroidManifest.xml:25:13-67
69            android:authorities="com.example.hash.androidx-startup"
69-->[androidx.lifecycle:lifecycle-process:2.7.0] AndroidManifest.xml:26:13-68
70            android:exported="false" >
70-->[androidx.lifecycle:lifecycle-process:2.7.0] AndroidManifest.xml:27:13-37
71            <meta-data
71-->[androidx.lifecycle:lifecycle-process:2.7.0] AndroidManifest.xml:29:13-31:52
72                android:name="androidx.lifecycle.ProcessLifecycleInitializer"
72-->[androidx.lifecycle:lifecycle-process:2.7.0] AndroidManifest.xml:30:17-78
73                android:value="androidx.startup" />
73-->[androidx.lifecycle:lifecycle-process:2.7.0] AndroidManifest.xml:31:17-49
74            <meta-data
74-->[androidx.profileinstaller:profileinstaller:1.3.1] AndroidManifest.xml:29:13-31:52
75                android:name="androidx.profileinstaller.ProfileInstallerInitializer"
75-->[androidx.profileinstaller:profileinstaller:1.3.1] AndroidManifest.xml:30:17-85
76                android:value="androidx.startup" />
76-->[androidx.profileinstaller:profileinstaller:1.3.1] AndroidManifest.xml:31:17-49
77        </provider>
78
79        <receiver
79-->[androidx.profileinstaller:profileinstaller:1.3.1] AndroidManifest.xml:34:9-52:20
80            android:name="androidx.profileinstaller.ProfileInstallReceiver"
80-->[androidx.profileinstaller:profileinstaller:1.3.1] AndroidManifest.xml:35:13-76
81            android:directBootAware="false"
81-->[androidx.profileinstaller:profileinstaller:1.3.1] AndroidManifest.xml:36:13-44
82            android:enabled="true"
82-->[androidx.profileinstaller:profileinstaller:1.3.1] AndroidManifest.xml:37:13-35
83            android:exported="true"
83-->[androidx.profileinstaller:profileinstaller:1.3.1] AndroidManifest.xml:38:13-36
84            android:permission="android.permission.DUMP" >
84-->[androidx.profileinstaller:profileinstaller:1.3.1] AndroidManifest.xml:39:13-57
85            <intent-filter>
85-->[androidx.profileinstaller:profileinstaller:1.3.1] AndroidManifest.xml:40:13-42:29
86                <action android:name="androidx.profileinstaller.action.INSTALL_PROFILE" />
86-->[androidx.profileinstaller:profileinstaller:1.3.1] AndroidManifest.xml:41:17-91
86-->[androidx.profileinstaller:profileinstaller:1.3.1] AndroidManifest.xml:41:25-88
87            </intent-filter>
88            <intent-filter>
88-->[androidx.profileinstaller:profileinstaller:1.3.1] AndroidManifest.xml:43:13-45:29
89                <action android:name="androidx.profileinstaller.action.SKIP_FILE" />
89-->[androidx.profileinstaller:profileinstaller:1.3.1] AndroidManifest.xml:44:17-85
89-->[androidx.profileinstaller:profileinstaller:1.3.1] AndroidManifest.xml:44:25-82
90            </intent-filter>
91            <intent-filter>
91-->[androidx.profileinstaller:profileinstaller:1.3.1] AndroidManifest.xml:46:13-48:29
92                <action android:name="androidx.profileinstaller.action.SAVE_PROFILE" />
92-->[androidx.profileinstaller:profileinstaller:1.3.1] AndroidManifest.xml:47:17-88
92-->[androidx.profileinstaller:profileinstaller:1.3.1] AndroidManifest.xml:47:25-85
93            </intent-filter>
94            <intent-filter>
94-->[androidx.profileinstaller:profileinstaller:1.3.1] AndroidManifest.xml:49:13-51:29
95                <action android:name="androidx.profileinstaller.action.BENCHMARK_OPERATION" />
95-->[androidx.profileinstaller:profileinstaller:1.3.1] AndroidManifest.xml:50:17-95
95-->[androidx.profileinstaller:profileinstaller:1.3.1] AndroidManifest.xml:50:25-92
96            </intent-filter>
97        </receiver>
98    </application>
99
100</manifest>